<?xml version="1.0" encoding="UTF-8"?>
<testng-results ignored="0" total="1" passed="0" failed="1" skipped="0">
  <reporter-output>
  </reporter-output>
  <suite started-at="2025-04-04T20:58:39 IST" name="Default suite" finished-at="2025-04-04T20:58:51 IST" duration-ms="11235">
    <groups>
    </groups>
    <test started-at="2025-04-04T20:58:39 IST" name="Default test" finished-at="2025-04-04T20:58:51 IST" duration-ms="11235">
      <class name="LogIntest.LoginTest">
        <test-method is-config="true" signature="beforesuite()[pri:0, instance:LogIntest.LoginTest@433defed]" started-at="2025-04-04T20:58:39 IST" name="beforesuite" finished-at="2025-04-04T20:58:39 IST" duration-ms="212" status="PASS">
          <reporter-output>
          </reporter-output>
        </test-method> <!-- beforesuite -->
        <test-method is-config="true" signature="beforetest()[pri:0, instance:LogIntest.LoginTest@433defed]" started-at="2025-04-04T20:58:39 IST" name="beforetest" finished-at="2025-04-04T20:58:39 IST" duration-ms="0" status="PASS">
          <reporter-output>
          </reporter-output>
        </test-method> <!-- beforetest -->
        <test-method is-config="true" signature="beforeclass()[pri:0, instance:LogIntest.LoginTest@433defed]" started-at="2025-04-04T20:58:39 IST" name="beforeclass" finished-at="2025-04-04T20:58:43 IST" duration-ms="4076" status="PASS">
          <reporter-output>
          </reporter-output>
        </test-method> <!-- beforeclass -->
        <test-method is-config="true" signature="beforemethod()[pri:0, instance:LogIntest.LoginTest@433defed]" started-at="2025-04-04T20:58:43 IST" name="beforemethod" finished-at="2025-04-04T20:58:45 IST" duration-ms="2014" status="PASS">
          <reporter-output>
          </reporter-output>
        </test-method> <!-- beforemethod -->
        <test-method signature="loginTest()[pri:0, instance:LogIntest.LoginTest@433defed]" started-at="2025-04-04T20:58:45 IST" name="loginTest" finished-at="2025-04-04T20:58:49 IST" duration-ms="3165" status="FAIL">
          <exception class="java.lang.AssertionError">
            <message>
              <![CDATA[Validation Failed expected [http://49.249.28.218:8098/dashboar] but found [http://49.249.28.218:8098/dashboard]]]>
            </message>
            <full-stacktrace>
              <![CDATA[java.lang.AssertionError: Validation Failed expected [http://49.249.28.218:8098/dashboar] but found [http://49.249.28.218:8098/dashboard]
at org.testng.Assert.fail(Assert.java:111)
at org.testng.Assert.failNotEquals(Assert.java:1578)
at org.testng.Assert.assertEqualsImpl(Assert.java:150)
at org.testng.Assert.assertEquals(Assert.java:132)
at org.testng.Assert.assertEquals(Assert.java:656)
at LogIntest.LoginTest.loginTest(LoginTest.java:52)
at java.base/jdk.internal.reflect.DirectMethodHandleAccessor.invoke(DirectMethodHandleAccessor.java:103)
at java.base/java.lang.reflect.Method.invoke(Method.java:580)
at org.testng.internal.invokers.MethodInvocationHelper.invokeMethod(MethodInvocationHelper.java:141)
at org.testng.internal.invokers.TestInvoker.invokeMethod(TestInvoker.java:686)
at org.testng.internal.invokers.TestInvoker.invokeTestMethod(TestInvoker.java:230)
at org.testng.internal.invokers.MethodRunner.runInSequence(MethodRunner.java:63)
at org.testng.internal.invokers.TestInvoker$MethodInvocationAgent.invoke(TestInvoker.java:992)
at org.testng.internal.invokers.TestInvoker.invokeTestMethods(TestInvoker.java:203)
at org.testng.internal.invokers.TestMethodWorker.invokeTestMethods(TestMethodWorker.java:154)
at org.testng.internal.invokers.TestMethodWorker.run(TestMethodWorker.java:134)
at java.base/java.util.ArrayList.forEach(ArrayList.java:1597)
at org.testng.TestRunner.privateRun(TestRunner.java:739)
at org.testng.TestRunner.run(TestRunner.java:614)
at org.testng.SuiteRunner.runTest(SuiteRunner.java:421)
at org.testng.SuiteRunner.runSequentially(SuiteRunner.java:413)
at org.testng.SuiteRunner.privateRun(SuiteRunner.java:373)
at org.testng.SuiteRunner.run(SuiteRunner.java:312)
at org.testng.SuiteRunnerWorker.runSuite(SuiteRunnerWorker.java:52)
at org.testng.SuiteRunnerWorker.run(SuiteRunnerWorker.java:95)
at org.testng.TestNG.runSuitesSequentially(TestNG.java:1274)
at org.testng.TestNG.runSuitesLocally(TestNG.java:1208)
at org.testng.TestNG.runSuites(TestNG.java:1112)
at org.testng.TestNG.run(TestNG.java:1079)
at org.testng.remote.AbstractRemoteTestNG.run(AbstractRemoteTestNG.java:115)
at org.testng.remote.RemoteTestNG.initAndRun(RemoteTestNG.java:293)
at org.testng.remote.RemoteTestNG.main(RemoteTestNG.java:91)
]]>
            </full-stacktrace>
          </exception> <!-- java.lang.AssertionError -->
          <reporter-output>
          </reporter-output>
        </test-method> <!-- loginTest -->
        <test-method is-config="true" signature="aftermethod()[pri:0, instance:LogIntest.LoginTest@433defed]" started-at="2025-04-04T20:58:49 IST" name="aftermethod" finished-at="2025-04-04T20:58:49 IST" duration-ms="83" status="PASS">
          <reporter-output>
          </reporter-output>
        </test-method> <!-- aftermethod -->
        <test-method is-config="true" signature="afterclass()[pri:0, instance:LogIntest.LoginTest@433defed]" started-at="2025-04-04T20:58:49 IST" name="afterclass" finished-at="2025-04-04T20:58:51 IST" duration-ms="1490" status="PASS">
          <reporter-output>
          </reporter-output>
        </test-method> <!-- afterclass -->
        <test-method is-config="true" signature="aftertest()[pri:0, instance:LogIntest.LoginTest@433defed]" started-at="2025-04-04T20:58:51 IST" name="aftertest" finished-at="2025-04-04T20:58:51 IST" duration-ms="0" status="PASS">
          <reporter-output>
          </reporter-output>
        </test-method> <!-- aftertest -->
        <test-method is-config="true" signature="aftersuite()[pri:0, instance:LogIntest.LoginTest@433defed]" started-at="2025-04-04T20:58:51 IST" name="aftersuite" finished-at="2025-04-04T20:58:51 IST" duration-ms="0" status="PASS">
          <reporter-output>
          </reporter-output>
        </test-method> <!-- aftersuite -->
      </class> <!-- LogIntest.LoginTest -->
    </test> <!-- Default test -->
  </suite> <!-- Default suite -->
</testng-results>
