<?xml version="1.0" encoding="UTF-8"?>
<!-- Generated by org.testng.reporters.JUnitXMLReporter -->
<testsuite ignored="12" hostname="Vivaan" failures="1" tests="5" name="Test" time="97.236" errors="0" timestamp="2025-04-02T21:00:56 IST">
  <testcase classname="ExtentReportGen.CreateCampaignTest" name="createCampaignTest" time="13.651"/>
  <testcase classname="ExtentReportGen.CreateCampaignTest" name="createCampaignwithcloseDateTest" time="12.649"/>
  <testcase classname="ExtentReportGen.CreateContactwithCampaign" name="createContactwithCampaignTest" time="24.332"/>
  <testcase classname="ExtentReportGen.LoginTest" name="loginTest" time="3.131">
    <failure type="java.lang.AssertionError" message="Validation Failed expected [http://49.249.28.218:8098/dashboar] but found [http://49.249.28.218:8098/dashboard]">
      <![CDATA[java.lang.AssertionError: Validation Failed expected [http://49.249.28.218:8098/dashboar] but found [http://49.249.28.218:8098/dashboard]
at ExtentReportGen.LoginTest.loginTest(LoginTest.java:52)
at java.base/java.util.ArrayList.forEach(ArrayList.java:1597)
... Removed 30 stack frames]]>
    </failure>
  </testcase> <!-- loginTest -->
  <testcase classname="ExtentReportGen.CreateProduct" name="createProductTest" time="19.42"/>
  <testcase classname="genericBaseClassUtility_ConfigAttributes.BaseClass" name="@BeforeTest beforetest" time="0.0">
    <ignored/>
  </testcase> <!-- @BeforeTest beforetest -->
  <testcase classname="genericBaseClassUtility_ConfigAttributes.BaseClass" name="@AfterTest aftertest" time="0.0">
    <ignored/>
  </testcase> <!-- @AfterTest aftertest -->
  <testcase classname="genericBaseClassUtility_ConfigAttributes.BaseClass" name="@AfterTest aftertest" time="0.0">
    <ignored/>
  </testcase> <!-- @AfterTest aftertest -->
  <testcase classname="genericBaseClassUtility_ConfigAttributes.BaseClass" name="@AfterTest aftertest" time="0.0">
    <ignored/>
  </testcase> <!-- @AfterTest aftertest -->
  <testcase classname="genericBaseClassUtility_ConfigAttributes.BaseClass" name="@AfterSuite aftersuite" time="0.0">
    <ignored/>
  </testcase> <!-- @AfterSuite aftersuite -->
  <testcase classname="genericBaseClassUtility_ConfigAttributes.BaseClass" name="@BeforeSuite beforesuite" time="0.0">
    <ignored/>
  </testcase> <!-- @BeforeSuite beforesuite -->
  <testcase classname="genericBaseClassUtility_ConfigAttributes.BaseClass" name="@BeforeTest beforetest" time="0.0">
    <ignored/>
  </testcase> <!-- @BeforeTest beforetest -->
  <testcase classname="genericBaseClassUtility_ConfigAttributes.BaseClass" name="@BeforeSuite beforesuite" time="0.0">
    <ignored/>
  </testcase> <!-- @BeforeSuite beforesuite -->
  <testcase classname="genericBaseClassUtility_ConfigAttributes.BaseClass" name="@BeforeTest beforetest" time="0.0">
    <ignored/>
  </testcase> <!-- @BeforeTest beforetest -->
  <testcase classname="genericBaseClassUtility_ConfigAttributes.BaseClass" name="@BeforeSuite beforesuite" time="0.0">
    <ignored/>
  </testcase> <!-- @BeforeSuite beforesuite -->
  <testcase classname="genericBaseClassUtility_ConfigAttributes.BaseClass" name="@AfterSuite aftersuite" time="0.0">
    <ignored/>
  </testcase> <!-- @AfterSuite aftersuite -->
  <testcase classname="genericBaseClassUtility_ConfigAttributes.BaseClass" name="@AfterSuite aftersuite" time="0.0">
    <ignored/>
  </testcase> <!-- @AfterSuite aftersuite -->
</testsuite> <!-- Test -->
